<?xml version="1.0" encoding="utf-8" standalone="no"?>
<!--This file represents the results of running a test suite-->
<test-results name="C:\Users\Marco\TraceWizard\source\Entities\Entities\Entities.csproj" total="0" errors="0" failures="0" not-run="0" inconclusive="0" ignored="0" skipped="0" invalid="0" date="2010-01-02" time="23:06:16">
  <environment nunit-version="2.5.3.9345" clr-version="2.0.50727.4927" os-version="Microsoft Windows NT 6.1.7600.0" platform="Win32NT" cwd="C:\Program Files (x86)\NUnit 2.5.3\bin\net-2.0" machine-name="ANDRES" user="Marco" user-domain="ANDRES" />
  <culture-info current-culture="es-MX" current-uiculture="en-US" />
  <test-suite name="C:\Users\Marco\TraceWizard\source\Entities\Entities\Entities.csproj" executed="True" success="False" time="0.007" asserts="0">
    <results>
      <test-suite name="C:\Users\Marco\TraceWizard\source\Entities\Entities\bin\Debug\TraceWizard.Entities.dll" executed="False">
        <reason>
          <message><![CDATA[Has no TestFixtures]]></message>
        </reason>
      </test-suite>
    </results>
  </test-suite>
</test-results>